2025-11-18 20:02:10,393 - INFO - Logging initialized for MiniBatch_GD optimizer
2025-11-18 20:02:10,394 - INFO - Log file: /mnt/nvme1/suyuejiao/egohos_split_data/logger/training_MiniBatch_GD_20251118_200210.log
2025-11-18 20:02:10,394 - INFO - Starting training process with MiniBatch_GD optimizer
2025-11-18 20:02:10,394 - INFO - Log file successfully created at specified location: /mnt/nvme1/suyuejiao/egohos_split_data/logger/training_MiniBatch_GD_20251118_200210.log
2025-11-18 20:02:10,452 - INFO - Found 8993 valid image-mask pairs
2025-11-18 20:02:10,459 - INFO - Found 1126 valid image-mask pairs
2025-11-18 20:02:10,460 - INFO - Training samples: 8993
2025-11-18 20:02:10,460 - INFO - Validation samples: 1126
2025-11-18 20:02:10,460 - INFO - Batch size: 8
2025-11-18 20:02:10,460 - INFO - 
============================================================
2025-11-18 20:02:10,460 - INFO - Training with MiniBatch_GD optimizer (Mini-Batch Gradient Descent)
2025-11-18 20:02:10,460 - INFO - ============================================================
2025-11-18 20:02:10,738 - INFO - Using device: cuda
2025-11-18 20:02:10,738 - INFO - Training with MiniBatch_GD optimizer (Mini-Batch Gradient Descent)
2025-11-18 20:02:12,471 - INFO - Starting training with MiniBatch_GD optimizer for 50 epochs
2025-11-18 20:02:12,471 - INFO - Learning rate: 0.001, Momentum: 0.0, Weight decay: 1e-4
2025-11-18 20:02:12,471 - INFO - Using mini-batch gradient descent (batch size = 8)
2025-11-18 20:07:57,462 - INFO - [MiniBatch_GD] Saved best model: /mnt/nvme1/suyuejiao/egohos_split_data/ckpt_MiniBatch_GD/best_model.pth
2025-11-18 20:07:57,462 - INFO - [MiniBatch_GD] Best Val IoU: 0.1449, Val Loss: 0.6366
2025-11-18 20:07:57,462 - INFO - [MiniBatch_GD] Epoch 1/50: Train Loss: 0.8834, Val Loss: 0.6366, Val IoU: 0.1449, Val Acc: 0.8424
2025-11-18 20:15:41,827 - INFO - [MiniBatch_GD] Saved best model: /mnt/nvme1/suyuejiao/egohos_split_data/ckpt_MiniBatch_GD/best_model.pth
2025-11-18 20:15:41,828 - INFO - [MiniBatch_GD] Best Val IoU: 0.1456, Val Loss: 0.6087
2025-11-18 20:15:41,828 - INFO - [MiniBatch_GD] Epoch 2/50: Train Loss: 0.6143, Val Loss: 0.6087, Val IoU: 0.1456, Val Acc: 0.8425
2025-11-18 20:23:34,912 - INFO - [MiniBatch_GD] Saved best model: /mnt/nvme1/suyuejiao/egohos_split_data/ckpt_MiniBatch_GD/best_model.pth
2025-11-18 20:23:34,912 - INFO - [MiniBatch_GD] Best Val IoU: 0.1526, Val Loss: 0.5948
2025-11-18 20:23:34,912 - INFO - [MiniBatch_GD] Epoch 3/50: Train Loss: 0.5977, Val Loss: 0.5948, Val IoU: 0.1526, Val Acc: 0.8438
2025-11-18 20:31:40,050 - INFO - [MiniBatch_GD] Saved best model: /mnt/nvme1/suyuejiao/egohos_split_data/ckpt_MiniBatch_GD/best_model.pth
2025-11-18 20:31:40,050 - INFO - [MiniBatch_GD] Best Val IoU: 0.1660, Val Loss: 0.5846
2025-11-18 20:31:40,050 - INFO - [MiniBatch_GD] Epoch 4/50: Train Loss: 0.5868, Val Loss: 0.5846, Val IoU: 0.1660, Val Acc: 0.8463
2025-11-18 20:39:33,306 - INFO - [MiniBatch_GD] Saved best model: /mnt/nvme1/suyuejiao/egohos_split_data/ckpt_MiniBatch_GD/best_model.pth
2025-11-18 20:39:33,306 - INFO - [MiniBatch_GD] Best Val IoU: 0.1790, Val Loss: 0.5751
2025-11-18 20:39:33,307 - INFO - [MiniBatch_GD] Epoch 5/50: Train Loss: 0.5759, Val Loss: 0.5751, Val IoU: 0.1790, Val Acc: 0.8491
2025-11-18 20:47:37,937 - INFO - [MiniBatch_GD] Saved best model: /mnt/nvme1/suyuejiao/egohos_split_data/ckpt_MiniBatch_GD/best_model.pth
2025-11-18 20:47:37,938 - INFO - [MiniBatch_GD] Best Val IoU: 0.1943, Val Loss: 0.5701
2025-11-18 20:47:37,938 - INFO - [MiniBatch_GD] Epoch 6/50: Train Loss: 0.5661, Val Loss: 0.5701, Val IoU: 0.1943, Val Acc: 0.8514
2025-11-18 20:55:41,427 - INFO - [MiniBatch_GD] Saved best model: /mnt/nvme1/suyuejiao/egohos_split_data/ckpt_MiniBatch_GD/best_model.pth
2025-11-18 20:55:41,427 - INFO - [MiniBatch_GD] Best Val IoU: 0.2079, Val Loss: 0.5563
2025-11-18 20:55:41,427 - INFO - [MiniBatch_GD] Epoch 7/50: Train Loss: 0.5563, Val Loss: 0.5563, Val IoU: 0.2079, Val Acc: 0.8543
2025-11-18 21:03:38,958 - INFO - [MiniBatch_GD] Saved best model: /mnt/nvme1/suyuejiao/egohos_split_data/ckpt_MiniBatch_GD/best_model.pth
2025-11-18 21:03:38,959 - INFO - [MiniBatch_GD] Best Val IoU: 0.2132, Val Loss: 0.5486
2025-11-18 21:03:38,959 - INFO - [MiniBatch_GD] Epoch 8/50: Train Loss: 0.5478, Val Loss: 0.5486, Val IoU: 0.2132, Val Acc: 0.8562
2025-11-18 21:11:43,821 - INFO - [MiniBatch_GD] Saved best model: /mnt/nvme1/suyuejiao/egohos_split_data/ckpt_MiniBatch_GD/best_model.pth
2025-11-18 21:11:43,822 - INFO - [MiniBatch_GD] Best Val IoU: 0.2286, Val Loss: 0.5348
2025-11-18 21:11:43,822 - INFO - [MiniBatch_GD] Epoch 9/50: Train Loss: 0.5375, Val Loss: 0.5348, Val IoU: 0.2286, Val Acc: 0.8603
2025-11-18 21:19:39,769 - INFO - [MiniBatch_GD] Saved best model: /mnt/nvme1/suyuejiao/egohos_split_data/ckpt_MiniBatch_GD/best_model.pth
2025-11-18 21:19:39,769 - INFO - [MiniBatch_GD] Best Val IoU: 0.2384, Val Loss: 0.5252
2025-11-18 21:19:39,769 - INFO - [MiniBatch_GD] Epoch 10/50: Train Loss: 0.5274, Val Loss: 0.5252, Val IoU: 0.2384, Val Acc: 0.8628
2025-11-18 21:27:40,877 - INFO - [MiniBatch_GD] Saved best model: /mnt/nvme1/suyuejiao/egohos_split_data/ckpt_MiniBatch_GD/best_model.pth
2025-11-18 21:27:40,877 - INFO - [MiniBatch_GD] Best Val IoU: 0.2522, Val Loss: 0.5115
2025-11-18 21:27:40,877 - INFO - [MiniBatch_GD] Epoch 11/50: Train Loss: 0.5166, Val Loss: 0.5115, Val IoU: 0.2522, Val Acc: 0.8672
2025-11-18 21:35:45,923 - INFO - [MiniBatch_GD] Saved best model: /mnt/nvme1/suyuejiao/egohos_split_data/ckpt_MiniBatch_GD/best_model.pth
2025-11-18 21:35:45,924 - INFO - [MiniBatch_GD] Best Val IoU: 0.2633, Val Loss: 0.5003
2025-11-18 21:35:45,924 - INFO - [MiniBatch_GD] Epoch 12/50: Train Loss: 0.5044, Val Loss: 0.5003, Val IoU: 0.2633, Val Acc: 0.8706
2025-11-18 21:43:45,529 - INFO - [MiniBatch_GD] Saved best model: /mnt/nvme1/suyuejiao/egohos_split_data/ckpt_MiniBatch_GD/best_model.pth
2025-11-18 21:43:45,529 - INFO - [MiniBatch_GD] Best Val IoU: 0.2788, Val Loss: 0.4892
2025-11-18 21:43:45,530 - INFO - [MiniBatch_GD] Epoch 13/50: Train Loss: 0.4931, Val Loss: 0.4892, Val IoU: 0.2788, Val Acc: 0.8736
2025-11-18 21:51:45,803 - INFO - [MiniBatch_GD] Epoch 14/50: Train Loss: 0.4818, Val Loss: 0.4812, Val IoU: 0.2763, Val Acc: 0.8759
2025-11-18 21:59:50,298 - INFO - [MiniBatch_GD] Epoch 15/50: Train Loss: 0.4708, Val Loss: 0.4771, Val IoU: 0.2744, Val Acc: 0.8761
2025-11-18 22:07:48,700 - INFO - [MiniBatch_GD] Saved best model: /mnt/nvme1/suyuejiao/egohos_split_data/ckpt_MiniBatch_GD/best_model.pth
2025-11-18 22:07:48,701 - INFO - [MiniBatch_GD] Best Val IoU: 0.3071, Val Loss: 0.4578
2025-11-18 22:07:48,701 - INFO - [MiniBatch_GD] Epoch 16/50: Train Loss: 0.4620, Val Loss: 0.4578, Val IoU: 0.3071, Val Acc: 0.8814
2025-11-18 22:15:51,308 - INFO - [MiniBatch_GD] Epoch 17/50: Train Loss: 0.4514, Val Loss: 0.4520, Val IoU: 0.3004, Val Acc: 0.8827
2025-11-18 22:23:56,717 - INFO - [MiniBatch_GD] Saved best model: /mnt/nvme1/suyuejiao/egohos_split_data/ckpt_MiniBatch_GD/best_model.pth
2025-11-18 22:23:56,717 - INFO - [MiniBatch_GD] Best Val IoU: 0.3197, Val Loss: 0.4392
2025-11-18 22:23:56,717 - INFO - [MiniBatch_GD] Epoch 18/50: Train Loss: 0.4413, Val Loss: 0.4392, Val IoU: 0.3197, Val Acc: 0.8865
2025-11-18 22:31:53,581 - INFO - [MiniBatch_GD] Saved best model: /mnt/nvme1/suyuejiao/egohos_split_data/ckpt_MiniBatch_GD/best_model.pth
2025-11-18 22:31:53,581 - INFO - [MiniBatch_GD] Best Val IoU: 0.3270, Val Loss: 0.4304
2025-11-18 22:31:53,581 - INFO - [MiniBatch_GD] Epoch 19/50: Train Loss: 0.4328, Val Loss: 0.4304, Val IoU: 0.3270, Val Acc: 0.8873
2025-11-18 22:39:54,682 - INFO - [MiniBatch_GD] Saved best model: /mnt/nvme1/suyuejiao/egohos_split_data/ckpt_MiniBatch_GD/best_model.pth
2025-11-18 22:39:54,683 - INFO - [MiniBatch_GD] Best Val IoU: 0.3323, Val Loss: 0.4202
2025-11-18 22:39:54,683 - INFO - [MiniBatch_GD] Epoch 20/50: Train Loss: 0.4239, Val Loss: 0.4202, Val IoU: 0.3323, Val Acc: 0.8905
2025-11-18 22:47:58,732 - INFO - [MiniBatch_GD] Epoch 21/50: Train Loss: 0.4156, Val Loss: 0.4414, Val IoU: 0.3264, Val Acc: 0.8809
2025-11-18 22:55:54,069 - INFO - [MiniBatch_GD] Saved best model: /mnt/nvme1/suyuejiao/egohos_split_data/ckpt_MiniBatch_GD/best_model.pth
2025-11-18 22:55:54,069 - INFO - [MiniBatch_GD] Best Val IoU: 0.3417, Val Loss: 0.4113
2025-11-18 22:55:54,070 - INFO - [MiniBatch_GD] Epoch 22/50: Train Loss: 0.4083, Val Loss: 0.4113, Val IoU: 0.3417, Val Acc: 0.8921
2025-11-18 23:03:58,248 - INFO - [MiniBatch_GD] Saved best model: /mnt/nvme1/suyuejiao/egohos_split_data/ckpt_MiniBatch_GD/best_model.pth
2025-11-18 23:03:58,248 - INFO - [MiniBatch_GD] Best Val IoU: 0.3454, Val Loss: 0.4020
2025-11-18 23:03:58,249 - INFO - [MiniBatch_GD] Epoch 23/50: Train Loss: 0.4004, Val Loss: 0.4020, Val IoU: 0.3454, Val Acc: 0.8945
2025-11-18 23:12:02,098 - INFO - [MiniBatch_GD] Saved best model: /mnt/nvme1/suyuejiao/egohos_split_data/ckpt_MiniBatch_GD/best_model.pth
2025-11-18 23:12:02,098 - INFO - [MiniBatch_GD] Best Val IoU: 0.3516, Val Loss: 0.3946
2025-11-18 23:12:02,098 - INFO - [MiniBatch_GD] Epoch 24/50: Train Loss: 0.3942, Val Loss: 0.3946, Val IoU: 0.3516, Val Acc: 0.8960
2025-11-18 23:19:58,860 - INFO - [MiniBatch_GD] Epoch 25/50: Train Loss: 0.3877, Val Loss: 0.4058, Val IoU: 0.3378, Val Acc: 0.8920
2025-11-18 23:28:02,780 - INFO - [MiniBatch_GD] Saved best model: /mnt/nvme1/suyuejiao/egohos_split_data/ckpt_MiniBatch_GD/best_model.pth
2025-11-18 23:28:02,780 - INFO - [MiniBatch_GD] Best Val IoU: 0.3550, Val Loss: 0.3865
2025-11-18 23:28:02,780 - INFO - [MiniBatch_GD] Epoch 26/50: Train Loss: 0.3819, Val Loss: 0.3865, Val IoU: 0.3550, Val Acc: 0.8980
2025-11-18 23:36:04,235 - INFO - [MiniBatch_GD] Epoch 27/50: Train Loss: 0.3762, Val Loss: 0.3987, Val IoU: 0.3497, Val Acc: 0.8918
2025-11-18 23:44:01,278 - INFO - [MiniBatch_GD] Epoch 28/50: Train Loss: 0.3702, Val Loss: 0.3957, Val IoU: 0.3509, Val Acc: 0.8928
2025-11-18 23:52:05,070 - INFO - [MiniBatch_GD] Saved best model: /mnt/nvme1/suyuejiao/egohos_split_data/ckpt_MiniBatch_GD/best_model.pth
2025-11-18 23:52:05,070 - INFO - [MiniBatch_GD] Best Val IoU: 0.3569, Val Loss: 0.3826
2025-11-18 23:52:05,070 - INFO - [MiniBatch_GD] Epoch 29/50: Train Loss: 0.3646, Val Loss: 0.3826, Val IoU: 0.3569, Val Acc: 0.8967
2025-11-19 00:00:05,742 - INFO - [MiniBatch_GD] Saved best model: /mnt/nvme1/suyuejiao/egohos_split_data/ckpt_MiniBatch_GD/best_model.pth
2025-11-19 00:00:05,742 - INFO - [MiniBatch_GD] Best Val IoU: 0.3668, Val Loss: 0.3726
2025-11-19 00:00:05,742 - INFO - [MiniBatch_GD] Epoch 30/50: Train Loss: 0.3593, Val Loss: 0.3726, Val IoU: 0.3668, Val Acc: 0.9003
2025-11-19 00:08:05,252 - INFO - [MiniBatch_GD] Epoch 31/50: Train Loss: 0.3545, Val Loss: 0.3792, Val IoU: 0.3606, Val Acc: 0.8957
2025-11-19 00:16:13,051 - INFO - [MiniBatch_GD] Saved best model: /mnt/nvme1/suyuejiao/egohos_split_data/ckpt_MiniBatch_GD/best_model.pth
2025-11-19 00:16:13,052 - INFO - [MiniBatch_GD] Best Val IoU: 0.3677, Val Loss: 0.3646
2025-11-19 00:16:13,052 - INFO - [MiniBatch_GD] Epoch 32/50: Train Loss: 0.3487, Val Loss: 0.3646, Val IoU: 0.3677, Val Acc: 0.9017
2025-11-19 00:24:10,374 - INFO - [MiniBatch_GD] Epoch 33/50: Train Loss: 0.3437, Val Loss: 0.3666, Val IoU: 0.3634, Val Acc: 0.9010
2025-11-19 00:32:15,390 - INFO - [MiniBatch_GD] Epoch 34/50: Train Loss: 0.3396, Val Loss: 0.3863, Val IoU: 0.3510, Val Acc: 0.8926
2025-11-19 00:40:20,812 - INFO - [MiniBatch_GD] Epoch 35/50: Train Loss: 0.3337, Val Loss: 0.3800, Val IoU: 0.3560, Val Acc: 0.8936
2025-11-19 00:48:17,177 - INFO - [MiniBatch_GD] Epoch 36/50: Train Loss: 0.3296, Val Loss: 0.3716, Val IoU: 0.3557, Val Acc: 0.8965
2025-11-19 00:56:21,922 - INFO - [MiniBatch_GD] Saved best model: /mnt/nvme1/suyuejiao/egohos_split_data/ckpt_MiniBatch_GD/best_model.pth
2025-11-19 00:56:21,922 - INFO - [MiniBatch_GD] Best Val IoU: 0.3683, Val Loss: 0.3508
2025-11-19 00:56:21,922 - INFO - [MiniBatch_GD] Epoch 37/50: Train Loss: 0.3250, Val Loss: 0.3508, Val IoU: 0.3683, Val Acc: 0.9031
2025-11-19 01:04:19,923 - INFO - [MiniBatch_GD] Epoch 38/50: Train Loss: 0.3203, Val Loss: 0.4233, Val IoU: 0.3307, Val Acc: 0.8774
2025-11-19 01:12:20,309 - INFO - [MiniBatch_GD] Epoch 39/50: Train Loss: 0.3163, Val Loss: 0.3747, Val IoU: 0.3511, Val Acc: 0.9000
2025-11-19 01:20:24,814 - INFO - [MiniBatch_GD] Saved best model: /mnt/nvme1/suyuejiao/egohos_split_data/ckpt_MiniBatch_GD/best_model.pth
2025-11-19 01:20:24,814 - INFO - [MiniBatch_GD] Best Val IoU: 0.3703, Val Loss: 0.3472
2025-11-19 01:20:24,814 - INFO - [MiniBatch_GD] Epoch 40/50: Train Loss: 0.3121, Val Loss: 0.3472, Val IoU: 0.3703, Val Acc: 0.9037
2025-11-19 01:28:24,781 - INFO - [MiniBatch_GD] Epoch 41/50: Train Loss: 0.3065, Val Loss: 0.3818, Val IoU: 0.3567, Val Acc: 0.8997
2025-11-19 01:36:26,771 - INFO - [MiniBatch_GD] Epoch 42/50: Train Loss: 0.3038, Val Loss: 0.3654, Val IoU: 0.3620, Val Acc: 0.9000
2025-11-19 01:44:31,479 - INFO - [MiniBatch_GD] Saved best model: /mnt/nvme1/suyuejiao/egohos_split_data/ckpt_MiniBatch_GD/best_model.pth
2025-11-19 01:44:31,479 - INFO - [MiniBatch_GD] Best Val IoU: 0.3767, Val Loss: 0.3478
2025-11-19 01:44:31,479 - INFO - [MiniBatch_GD] Epoch 43/50: Train Loss: 0.2991, Val Loss: 0.3478, Val IoU: 0.3767, Val Acc: 0.9029
2025-11-19 01:52:27,858 - INFO - [MiniBatch_GD] Epoch 44/50: Train Loss: 0.2943, Val Loss: 0.4543, Val IoU: 0.3015, Val Acc: 0.8858
2025-11-19 01:58:38,654 - INFO - [MiniBatch_GD] Epoch 45/50: Train Loss: 0.2901, Val Loss: 0.5000, Val IoU: 0.3409, Val Acc: 0.8508
2025-11-19 02:04:29,934 - INFO - [MiniBatch_GD] Saved best model: /mnt/nvme1/suyuejiao/egohos_split_data/ckpt_MiniBatch_GD/best_model.pth
2025-11-19 02:04:29,935 - INFO - [MiniBatch_GD] Best Val IoU: 0.3808, Val Loss: 0.3705
2025-11-19 02:04:29,935 - INFO - [MiniBatch_GD] Epoch 46/50: Train Loss: 0.2848, Val Loss: 0.3705, Val IoU: 0.3808, Val Acc: 0.8972
2025-11-19 02:10:18,279 - INFO - [MiniBatch_GD] Saved best model: /mnt/nvme1/suyuejiao/egohos_split_data/ckpt_MiniBatch_GD/best_model.pth
2025-11-19 02:10:18,280 - INFO - [MiniBatch_GD] Best Val IoU: 0.3869, Val Loss: 0.3449
2025-11-19 02:10:18,280 - INFO - [MiniBatch_GD] Epoch 47/50: Train Loss: 0.2729, Val Loss: 0.3449, Val IoU: 0.3869, Val Acc: 0.9044
2025-11-19 02:16:00,709 - INFO - [MiniBatch_GD] Epoch 48/50: Train Loss: 0.2704, Val Loss: 0.3665, Val IoU: 0.3736, Val Acc: 0.8934
2025-11-19 02:21:47,059 - INFO - [MiniBatch_GD] Epoch 49/50: Train Loss: 0.2669, Val Loss: 0.4018, Val IoU: 0.3766, Val Acc: 0.8867
2025-11-19 02:27:38,205 - INFO - [MiniBatch_GD] Saved best model: /mnt/nvme1/suyuejiao/egohos_split_data/ckpt_MiniBatch_GD/best_model.pth
2025-11-19 02:27:38,206 - INFO - [MiniBatch_GD] Best Val IoU: 0.3917, Val Loss: 0.3439
2025-11-19 02:27:38,206 - INFO - [MiniBatch_GD] Epoch 50/50: Train Loss: 0.2640, Val Loss: 0.3439, Val IoU: 0.3917, Val Acc: 0.9046
2025-11-19 02:27:38,206 - INFO - [MiniBatch_GD] Training completed. Best validation IoU: 0.3917
2025-11-19 02:27:41,117 - INFO - Saved training curves: /mnt/nvme1/suyuejiao/egohos_split_data/image/minibatch_gd_training_curves.png
2025-11-19 02:27:41,118 - INFO - Saved training results to: /mnt/nvme1/suyuejiao/egohos_split_data/image/minibatch_gd_training_results.json
2025-11-19 02:27:41,119 - INFO - 
================================================================================
2025-11-19 02:27:41,119 - INFO - Final Training Results (MiniBatch_GD Optimizer - Mini-Batch):
2025-11-19 02:27:41,119 - INFO - ================================================================================
2025-11-19 02:27:41,119 - INFO - Final Validation IoU: 0.3917
2025-11-19 02:27:41,119 - INFO - Final Validation Accuracy: 0.9046
2025-11-19 02:27:41,119 - INFO - Final Validation Loss: 0.3439
2025-11-19 02:27:41,119 - INFO - ================================================================================
2025-11-19 02:27:41,119 - INFO - 
Training with MiniBatch_GD optimizer (Mini-Batch) completed! All results saved.
