2025-11-18 19:07:12,911 - INFO - Logging initialized for Adam optimizer
2025-11-18 19:07:12,911 - INFO - Log file: /mnt/nvme1/suyuejiao/egohos_split_data/logger/training_Adam_20251118_190712.log
2025-11-18 19:07:12,912 - INFO - Starting training process with Adam optimizer
2025-11-18 19:07:12,912 - INFO - Log file successfully created at specified location: /mnt/nvme1/suyuejiao/egohos_split_data/logger/training_Adam_20251118_190712.log
2025-11-18 19:07:12,962 - INFO - Found 8993 valid image-mask pairs
2025-11-18 19:07:12,969 - INFO - Found 1126 valid image-mask pairs
2025-11-18 19:07:12,969 - INFO - Training samples: 8993
2025-11-18 19:07:12,969 - INFO - Validation samples: 1126
2025-11-18 19:07:12,969 - INFO - 
============================================================
2025-11-18 19:07:12,969 - INFO - Training with Adam optimizer
2025-11-18 19:07:12,969 - INFO - ============================================================
2025-11-18 19:07:13,181 - INFO - Using device: cuda
2025-11-18 19:07:13,181 - INFO - Training with Adam optimizer
2025-11-18 19:07:14,583 - INFO - Starting training with Adam optimizer for 50 epochs
2025-11-18 19:07:14,583 - INFO - Learning rate: 0.001, Weight decay: 1e-4
2025-11-18 19:09:56,577 - INFO - [Adam] Saved best model: /mnt/nvme1/suyuejiao/egohos_split_data/ckpt_Adam/best_model.pth
2025-11-18 19:09:56,577 - INFO - [Adam] Best Val IoU: 0.2361, Val Loss: 0.5180
2025-11-18 19:09:56,577 - INFO - [Adam] Epoch 1/50: Train Loss: 0.5808, Val Loss: 0.5180, Val IoU: 0.2361, Val Acc: 0.8614
2025-11-18 19:12:38,780 - INFO - [Adam] Saved best model: /mnt/nvme1/suyuejiao/egohos_split_data/ckpt_Adam/best_model.pth
2025-11-18 19:12:38,781 - INFO - [Adam] Best Val IoU: 0.3002, Val Loss: 0.4548
2025-11-18 19:12:38,781 - INFO - [Adam] Epoch 2/50: Train Loss: 0.4739, Val Loss: 0.4548, Val IoU: 0.3002, Val Acc: 0.8784
2025-11-18 19:17:28,203 - INFO - [Adam] Epoch 3/50: Train Loss: 0.4165, Val Loss: 0.4326, Val IoU: 0.2998, Val Acc: 0.8847
2025-11-18 19:24:21,625 - INFO - [Adam] Saved best model: /mnt/nvme1/suyuejiao/egohos_split_data/ckpt_Adam/best_model.pth
2025-11-18 19:24:21,625 - INFO - [Adam] Best Val IoU: 0.3765, Val Loss: 0.3581
2025-11-18 19:24:21,626 - INFO - [Adam] Epoch 4/50: Train Loss: 0.3627, Val Loss: 0.3581, Val IoU: 0.3765, Val Acc: 0.9033
2025-11-18 19:31:45,742 - INFO - [Adam] Saved best model: /mnt/nvme1/suyuejiao/egohos_split_data/ckpt_Adam/best_model.pth
2025-11-18 19:31:45,742 - INFO - [Adam] Best Val IoU: 0.3817, Val Loss: 0.3436
2025-11-18 19:31:45,742 - INFO - [Adam] Epoch 5/50: Train Loss: 0.3353, Val Loss: 0.3436, Val IoU: 0.3817, Val Acc: 0.9079
2025-11-18 19:39:04,120 - INFO - [Adam] Saved best model: /mnt/nvme1/suyuejiao/egohos_split_data/ckpt_Adam/best_model.pth
2025-11-18 19:39:04,120 - INFO - [Adam] Best Val IoU: 0.4017, Val Loss: 0.3238
2025-11-18 19:39:04,120 - INFO - [Adam] Epoch 6/50: Train Loss: 0.3190, Val Loss: 0.3238, Val IoU: 0.4017, Val Acc: 0.9118
2025-11-18 19:46:23,450 - INFO - [Adam] Epoch 7/50: Train Loss: 0.3064, Val Loss: 0.3223, Val IoU: 0.3979, Val Acc: 0.9121
2025-11-18 19:53:45,095 - INFO - [Adam] Saved best model: /mnt/nvme1/suyuejiao/egohos_split_data/ckpt_Adam/best_model.pth
2025-11-18 19:53:45,095 - INFO - [Adam] Best Val IoU: 0.4314, Val Loss: 0.3098
2025-11-18 19:53:45,095 - INFO - [Adam] Epoch 8/50: Train Loss: 0.2980, Val Loss: 0.3098, Val IoU: 0.4314, Val Acc: 0.9137
2025-11-18 20:01:03,239 - INFO - [Adam] Saved best model: /mnt/nvme1/suyuejiao/egohos_split_data/ckpt_Adam/best_model.pth
2025-11-18 20:01:03,239 - INFO - [Adam] Best Val IoU: 0.4420, Val Loss: 0.3032
2025-11-18 20:01:03,239 - INFO - [Adam] Epoch 9/50: Train Loss: 0.2889, Val Loss: 0.3032, Val IoU: 0.4420, Val Acc: 0.9140
2025-11-18 20:08:20,983 - INFO - [Adam] Epoch 10/50: Train Loss: 0.2817, Val Loss: 0.3085, Val IoU: 0.4313, Val Acc: 0.9148
2025-11-18 20:17:30,422 - INFO - [Adam] Epoch 11/50: Train Loss: 0.2766, Val Loss: 0.2949, Val IoU: 0.4383, Val Acc: 0.9170
2025-11-18 20:30:31,937 - INFO - [Adam] Saved best model: /mnt/nvme1/suyuejiao/egohos_split_data/ckpt_Adam/best_model.pth
2025-11-18 20:30:31,937 - INFO - [Adam] Best Val IoU: 0.4531, Val Loss: 0.2747
2025-11-18 20:30:31,937 - INFO - [Adam] Epoch 12/50: Train Loss: 0.2713, Val Loss: 0.2747, Val IoU: 0.4531, Val Acc: 0.9214
2025-11-18 20:44:30,076 - INFO - [Adam] Saved best model: /mnt/nvme1/suyuejiao/egohos_split_data/ckpt_Adam/best_model.pth
2025-11-18 20:44:30,076 - INFO - [Adam] Best Val IoU: 0.4545, Val Loss: 0.2778
2025-11-18 20:44:30,076 - INFO - [Adam] Epoch 13/50: Train Loss: 0.2665, Val Loss: 0.2778, Val IoU: 0.4545, Val Acc: 0.9209
2025-11-18 20:58:22,652 - INFO - [Adam] Epoch 14/50: Train Loss: 0.2627, Val Loss: 0.2861, Val IoU: 0.4532, Val Acc: 0.9205
2025-11-18 21:12:15,413 - INFO - [Adam] Epoch 15/50: Train Loss: 0.2583, Val Loss: 0.2905, Val IoU: 0.4393, Val Acc: 0.9193
2025-11-18 21:26:05,957 - INFO - [Adam] Saved best model: /mnt/nvme1/suyuejiao/egohos_split_data/ckpt_Adam/best_model.pth
2025-11-18 21:26:05,957 - INFO - [Adam] Best Val IoU: 0.4631, Val Loss: 0.2627
2025-11-18 21:26:05,957 - INFO - [Adam] Epoch 16/50: Train Loss: 0.2553, Val Loss: 0.2627, Val IoU: 0.4631, Val Acc: 0.9244
2025-11-18 21:39:56,081 - INFO - [Adam] Epoch 17/50: Train Loss: 0.2510, Val Loss: 0.2962, Val IoU: 0.4266, Val Acc: 0.9134
2025-11-18 21:53:44,510 - INFO - [Adam] Saved best model: /mnt/nvme1/suyuejiao/egohos_split_data/ckpt_Adam/best_model.pth
2025-11-18 21:53:44,511 - INFO - [Adam] Best Val IoU: 0.4649, Val Loss: 0.2906
2025-11-18 21:53:44,511 - INFO - [Adam] Epoch 18/50: Train Loss: 0.2495, Val Loss: 0.2906, Val IoU: 0.4649, Val Acc: 0.9166
2025-11-18 22:07:33,372 - INFO - [Adam] Epoch 19/50: Train Loss: 0.2462, Val Loss: 0.2852, Val IoU: 0.4455, Val Acc: 0.9188
2025-11-18 22:21:19,916 - INFO - [Adam] Saved best model: /mnt/nvme1/suyuejiao/egohos_split_data/ckpt_Adam/best_model.pth
2025-11-18 22:21:19,916 - INFO - [Adam] Best Val IoU: 0.4690, Val Loss: 0.2671
2025-11-18 22:21:19,916 - INFO - [Adam] Epoch 20/50: Train Loss: 0.2434, Val Loss: 0.2671, Val IoU: 0.4690, Val Acc: 0.9231
2025-11-18 22:35:08,561 - INFO - [Adam] Epoch 21/50: Train Loss: 0.2417, Val Loss: 0.2649, Val IoU: 0.4518, Val Acc: 0.9234
2025-11-18 22:48:55,007 - INFO - [Adam] Saved best model: /mnt/nvme1/suyuejiao/egohos_split_data/ckpt_Adam/best_model.pth
2025-11-18 22:48:55,007 - INFO - [Adam] Best Val IoU: 0.4797, Val Loss: 0.2697
2025-11-18 22:48:55,007 - INFO - [Adam] Epoch 22/50: Train Loss: 0.2384, Val Loss: 0.2697, Val IoU: 0.4797, Val Acc: 0.9222
2025-11-18 23:02:42,669 - INFO - [Adam] Saved best model: /mnt/nvme1/suyuejiao/egohos_split_data/ckpt_Adam/best_model.pth
2025-11-18 23:02:42,669 - INFO - [Adam] Best Val IoU: 0.4888, Val Loss: 0.2486
2025-11-18 23:02:42,669 - INFO - [Adam] Epoch 23/50: Train Loss: 0.2126, Val Loss: 0.2486, Val IoU: 0.4888, Val Acc: 0.9289
2025-11-18 23:16:28,403 - INFO - [Adam] Saved best model: /mnt/nvme1/suyuejiao/egohos_split_data/ckpt_Adam/best_model.pth
2025-11-18 23:16:28,404 - INFO - [Adam] Best Val IoU: 0.4889, Val Loss: 0.2525
2025-11-18 23:16:28,404 - INFO - [Adam] Epoch 24/50: Train Loss: 0.2057, Val Loss: 0.2525, Val IoU: 0.4889, Val Acc: 0.9277
2025-11-18 23:30:16,582 - INFO - [Adam] Epoch 25/50: Train Loss: 0.2017, Val Loss: 0.2538, Val IoU: 0.4886, Val Acc: 0.9274
2025-11-18 23:44:01,328 - INFO - [Adam] Epoch 26/50: Train Loss: 0.1957, Val Loss: 0.2600, Val IoU: 0.4822, Val Acc: 0.9270
2025-11-18 23:57:49,768 - INFO - [Adam] Saved best model: /mnt/nvme1/suyuejiao/egohos_split_data/ckpt_Adam/best_model.pth
2025-11-18 23:57:49,769 - INFO - [Adam] Best Val IoU: 0.4992, Val Loss: 0.2561
2025-11-18 23:57:49,769 - INFO - [Adam] Epoch 27/50: Train Loss: 0.1913, Val Loss: 0.2561, Val IoU: 0.4992, Val Acc: 0.9242
2025-11-19 00:11:34,736 - INFO - [Adam] Epoch 28/50: Train Loss: 0.1894, Val Loss: 0.2595, Val IoU: 0.4962, Val Acc: 0.9265
2025-11-19 00:25:21,544 - INFO - [Adam] Epoch 29/50: Train Loss: 0.1871, Val Loss: 0.2657, Val IoU: 0.4874, Val Acc: 0.9282
2025-11-19 00:39:05,617 - INFO - [Adam] Epoch 30/50: Train Loss: 0.1628, Val Loss: 0.2711, Val IoU: 0.4967, Val Acc: 0.9288
2025-11-19 00:52:52,696 - INFO - [Adam] Epoch 31/50: Train Loss: 0.1569, Val Loss: 0.2743, Val IoU: 0.4916, Val Acc: 0.9283
2025-11-19 01:06:38,128 - INFO - [Adam] Epoch 32/50: Train Loss: 0.1530, Val Loss: 0.2724, Val IoU: 0.4984, Val Acc: 0.9253
2025-11-19 01:20:25,535 - INFO - [Adam] Epoch 33/50: Train Loss: 0.1492, Val Loss: 0.2877, Val IoU: 0.4870, Val Acc: 0.9275
2025-11-19 01:34:10,886 - INFO - [Adam] Saved best model: /mnt/nvme1/suyuejiao/egohos_split_data/ckpt_Adam/best_model.pth
2025-11-19 01:34:10,886 - INFO - [Adam] Best Val IoU: 0.4992, Val Loss: 0.2714
2025-11-19 01:34:10,886 - INFO - [Adam] Epoch 34/50: Train Loss: 0.1461, Val Loss: 0.2714, Val IoU: 0.4992, Val Acc: 0.9261
2025-11-19 01:47:57,860 - INFO - [Adam] Epoch 35/50: Train Loss: 0.1432, Val Loss: 0.3030, Val IoU: 0.4892, Val Acc: 0.9273
2025-11-19 02:01:42,167 - INFO - [Adam] Saved best model: /mnt/nvme1/suyuejiao/egohos_split_data/ckpt_Adam/best_model.pth
2025-11-19 02:01:42,167 - INFO - [Adam] Best Val IoU: 0.5018, Val Loss: 0.2910
2025-11-19 02:01:42,167 - INFO - [Adam] Epoch 36/50: Train Loss: 0.1299, Val Loss: 0.2910, Val IoU: 0.5018, Val Acc: 0.9269
2025-11-19 02:15:27,934 - INFO - [Adam] Epoch 37/50: Train Loss: 0.1277, Val Loss: 0.2891, Val IoU: 0.5009, Val Acc: 0.9265
2025-11-19 02:29:12,244 - INFO - [Adam] Epoch 38/50: Train Loss: 0.1245, Val Loss: 0.3136, Val IoU: 0.4965, Val Acc: 0.9253
2025-11-19 02:43:00,559 - INFO - [Adam] Saved best model: /mnt/nvme1/suyuejiao/egohos_split_data/ckpt_Adam/best_model.pth
2025-11-19 02:43:00,559 - INFO - [Adam] Best Val IoU: 0.5020, Val Loss: 0.2916
2025-11-19 02:43:00,559 - INFO - [Adam] Epoch 39/50: Train Loss: 0.1222, Val Loss: 0.2916, Val IoU: 0.5020, Val Acc: 0.9244
2025-11-19 02:56:49,380 - INFO - [Adam] Epoch 40/50: Train Loss: 0.1201, Val Loss: 0.3017, Val IoU: 0.4990, Val Acc: 0.9252
2025-11-19 03:10:37,454 - INFO - [Adam] Epoch 41/50: Train Loss: 0.1186, Val Loss: 0.2984, Val IoU: 0.4961, Val Acc: 0.9273
2025-11-19 03:24:26,034 - INFO - [Adam] Epoch 42/50: Train Loss: 0.1126, Val Loss: 0.3084, Val IoU: 0.4988, Val Acc: 0.9257
2025-11-19 03:38:09,990 - INFO - [Adam] Epoch 43/50: Train Loss: 0.1103, Val Loss: 0.3068, Val IoU: 0.4994, Val Acc: 0.9253
2025-11-19 03:51:52,578 - INFO - [Adam] Epoch 44/50: Train Loss: 0.1086, Val Loss: 0.3051, Val IoU: 0.4996, Val Acc: 0.9251
2025-11-19 04:05:38,684 - INFO - [Adam] Epoch 45/50: Train Loss: 0.1077, Val Loss: 0.3076, Val IoU: 0.5002, Val Acc: 0.9240
2025-11-19 04:19:22,132 - INFO - [Adam] Epoch 46/50: Train Loss: 0.1073, Val Loss: 0.3104, Val IoU: 0.5001, Val Acc: 0.9248
2025-11-19 04:33:06,605 - INFO - [Adam] Epoch 47/50: Train Loss: 0.1050, Val Loss: 0.3157, Val IoU: 0.4989, Val Acc: 0.9263
2025-11-19 04:46:48,158 - INFO - [Adam] Epoch 48/50: Train Loss: 0.1020, Val Loss: 0.3178, Val IoU: 0.5001, Val Acc: 0.9241
2025-11-19 05:00:27,748 - INFO - [Adam] Epoch 49/50: Train Loss: 0.1004, Val Loss: 0.3128, Val IoU: 0.4987, Val Acc: 0.9260
2025-11-19 05:14:10,142 - INFO - [Adam] Epoch 50/50: Train Loss: 0.0999, Val Loss: 0.3210, Val IoU: 0.4993, Val Acc: 0.9245
2025-11-19 05:14:10,143 - INFO - [Adam] Training completed. Best validation IoU: 0.5020
2025-11-19 05:14:12,792 - INFO - Saved training curves: /mnt/nvme1/suyuejiao/egohos_split_data/image/adam_training_curves.png
2025-11-19 05:14:12,794 - INFO - Saved training results to: /mnt/nvme1/suyuejiao/egohos_split_data/image/adam_training_results.json
2025-11-19 05:14:12,794 - INFO - 
================================================================================
2025-11-19 05:14:12,794 - INFO - Final Training Results (Adam Optimizer):
2025-11-19 05:14:12,794 - INFO - ================================================================================
2025-11-19 05:14:12,794 - INFO - Final Validation IoU: 0.4993
2025-11-19 05:14:12,794 - INFO - Final Validation Accuracy: 0.9245
2025-11-19 05:14:12,794 - INFO - Final Validation Loss: 0.3210
2025-11-19 05:14:12,794 - INFO - ================================================================================
2025-11-19 05:14:12,794 - INFO - 
Training with Adam optimizer completed! All results saved.
